<?xml version="1.0" encoding="UTF-8"?>
<testsuite name="com.tests.Set1_DefaultPageTestScenarioTest" tests="1" skipped="0" failures="0" errors="0" timestamp="2025-08-07T16:15:15.167Z" hostname="NishantSmitha-MacBook-Air.local" time="0.311">
  <properties/>
  <testcase name="verifyCartPageDefaultElements" classname="com.tests.Set1_DefaultPageTestScenarioTest" time="0.311"/>
  <system-out><![CDATA[]]></system-out>
  <system-err><![CDATA[]]></system-err>
</testsuite>
