<?xml version="1.0" encoding="UTF-8"?>
<testsuite name="com.tests.Set5_TooltipValidationScenarioTest" tests="1" skipped="0" failures="0" errors="0" timestamp="2025-08-07T16:15:37.444Z" hostname="NishantSmitha-MacBook-Air.local" time="0.013">
  <properties/>
  <testcase name="verifyCheckoutTooltipText" classname="com.tests.Set5_TooltipValidationScenarioTest" time="0.013"/>
  <system-out><![CDATA[]]></system-out>
  <system-err><![CDATA[]]></system-err>
</testsuite>
